<?xml version="1.0" encoding="UTF-8"?>
<!-- Generated by org.testng.reporters.JUnitXMLReporter -->
<testsuite ignored="2" hostname="Genefied" failures="0" tests="2" name="All Tests" time="2.169" errors="0" timestamp="2026-03-29T21:38:43 IST">
  <testcase classname="com.w2a.testcases.LoginTest" name="loginBankManager" time="0.641"/>
  <testcase classname="com.w2a.testcases.AddCustomerTest" name="addCustomer" time="1.317"/>
  <testcase classname="com.w2a.base.TestBase" name="@AfterSuite tearDown" time="0.0">
    <ignored/>
  </testcase> <!-- @AfterSuite tearDown -->
  <testcase classname="com.w2a.base.TestBase" name="@BeforeSuite setUp" time="0.0">
    <ignored/>
  </testcase> <!-- @BeforeSuite setUp -->
</testsuite> <!-- All Tests -->
