<?xml version="1.0" encoding="UTF-8"?>
<!-- Generated by org.testng.reporters.JUnitXMLReporter -->
<testsuite ignored="4" hostname="Genefied" failures="0" tests="3" name="All Tests" time="4.4" errors="0" timestamp="2026-04-15T14:53:18 IST">
  <testcase classname="com.w2a.testcases.LoginTest" name="loginBankManager" time="0.714"/>
  <testcase classname="com.w2a.testcases.AddCustomerTest" name="addCustomer" time="1.269"/>
  <testcase classname="com.w2a.testcases.OpenAccountTest" name="openAccountTest" time="2.302"/>
  <testcase classname="com.w2a.base.TestBase" name="@AfterSuite tearDown" time="0.0">
    <ignored/>
  </testcase> <!-- @AfterSuite tearDown -->
  <testcase classname="com.w2a.base.TestBase" name="@AfterSuite tearDown" time="0.0">
    <ignored/>
  </testcase> <!-- @AfterSuite tearDown -->
  <testcase classname="com.w2a.base.TestBase" name="@BeforeSuite setUp" time="0.0">
    <ignored/>
  </testcase> <!-- @BeforeSuite setUp -->
  <testcase classname="com.w2a.base.TestBase" name="@BeforeSuite setUp" time="0.0">
    <ignored/>
  </testcase> <!-- @BeforeSuite setUp -->
</testsuite> <!-- All Tests -->
