<?xml version="1.0" encoding="UTF-8"?>
<testsuite xmlns:xsi="http://www.w3.org/2001/XMLSchema-instance" xsi:noNamespaceSchemaLocation="https://maven.apache.org/surefire/maven-surefire-plugin/xsd/surefire-test-report.xsd" version="3.0.1" name="TestSuite" time="9.587" tests="3" errors="0" skipped="0" failures="0">
  <properties>
[...]
</properties>
  <testcase name="loginBankManager" classname="com.w2a.testcases.LoginTest" time="0.715">
    <system-out><![CDATA[Config file Loaded
OR File Loaded
Chrome Launched !!!
Navigated to: http://www.way2automation.com/angularjs-protractor/banking/#/login
Extent Test Created: loginBankManager
2026-04-15 14:53:14 DEBUG com.w2a.base.TestBase:50 - Clicking Bank Manager Login
2026-04-15 14:53:14 DEBUG com.w2a.base.TestBase:70 - Clicked Add Customer
2026-04-15 14:53:14 DEBUG com.w2a.base.TestBase:77 - Login Test Passed Successfully
]]></system-out>
    <system-err><![CDATA[ERROR StatusLogger Log4j2 could not find a logging implementation. Please add log4j-core to the classpath. Using SimpleLogger to log to the console...
[main] INFO io.github.bonigarcia.wdm.WebDriverManager - Using chromedriver 146.0.7680.165 (resolved driver for Chrome 146)
[main] INFO io.github.bonigarcia.wdm.WebDriverManager - Exporting webdriver.chrome.driver as C:\Users\piklu\.cache\selenium\chromedriver\win64\146.0.7680.165\chromedriver.exe
Apr 15, 2026 2:53:13 PM org.openqa.selenium.devtools.CdpVersionFinder findNearestMatch
WARNING: Unable to find an exact match for CDP version 146, returning the closest version; found: 143; Please update to a Selenium version that supports CDP version 146
]]></system-err>
  </testcase>
  <testcase name="addCustomer[Ram, Gautam, 110055.0, Customer added successfully](1)" classname="com.w2a.testcases.AddCustomerTest" time="1.269">
    <system-out><![CDATA[Extent Test Created: addCustomer
]]></system-out>
  </testcase>
  <testcase name="openAccountTest[Ram Gautam, Rupee](1)" classname="com.w2a.testcases.OpenAccountTest" time="2.303">
    <system-out><![CDATA[Extent Test Created: openAccountTest
Created Customer: Ram Gautam
OPTION: ---Customer Name---
OPTION: Hermoine Granger
OPTION: Harry Potter
OPTION: Ron Weasly
OPTION: Albus Dumbledore
OPTION: Neville Longbottom
OPTION: Ram Gautam
Selected: Ram Gautam from customer
OPTION: ---Currency---
OPTION: Dollar
OPTION: Pound
OPTION: Rupee
Selected: Rupee from currency
]]></system-out>
  </testcase>
</testsuite>