<?xml version="1.0" encoding="UTF-8"?>
<testng-results ignored="0" total="3" passed="3" failed="0" skipped="0">
  <reporter-output>
    <line>
      <![CDATA[Config file Loaded]]>
    </line>
    <line>
      <![CDATA[OR File Loaded]]>
    </line>
    <line>
      <![CDATA[Chrome Launched !!!]]>
    </line>
    <line>
      <![CDATA[Navigated to: http://www.way2automation.com/angularjs-protractor/banking/#/login]]>
    </line>
    <line>
      <![CDATA[Clicking Bank Manager Login]]>
    </line>
    <line>
      <![CDATA[Clicked Bank Manager => Report Log ]]>
    </line>
    <line>
      <![CDATA[Add Customer Button is visible]]>
    </line>
    <line>
      <![CDATA[Clicked Add Customer]]>
    </line>
    <line>
      <![CDATA[Login Test Passed Successfully ]]>
    </line>
    <line>
      <![CDATA[Selected: Ram Gautam from customer]]>
    </line>
    <line>
      <![CDATA[Selected: Rupee from currency]]>
    </line>
    <line>
      <![CDATA[Testing Execution Completed !!!!]]>
    </line>
  </reporter-output>
  <suite started-at="2026-04-15T14:53:13 IST" name="Suite" finished-at="2026-04-15T14:53:18 IST" duration-ms="4400">
    <groups>
    </groups>
    <test started-at="2026-04-15T14:53:13 IST" name="All Tests" finished-at="2026-04-15T14:53:18 IST" duration-ms="4400">
      <class name="com.w2a.testcases.LoginTest">
        <test-method is-config="true" signature="setUp()[pri:0, instance:com.w2a.testcases.LoginTest@16afbd92]" started-at="2026-04-15T14:53:11 IST" name="setUp" finished-at="2026-04-15T14:53:13 IST" duration-ms="2965" status="PASS">
          <reporter-output>
            <line>
              <![CDATA[Config file Loaded]]>
            </line>
            <line>
              <![CDATA[OR File Loaded]]>
            </line>
            <line>
              <![CDATA[Chrome Launched !!!]]>
            </line>
            <line>
              <![CDATA[Navigated to: http://www.way2automation.com/angularjs-protractor/banking/#/login]]>
            </line>
          </reporter-output>
        </test-method> <!-- setUp -->
        <test-method signature="loginBankManager()[pri:0, instance:com.w2a.testcases.LoginTest@16afbd92]" started-at="2026-04-15T14:53:14 IST" name="loginBankManager" finished-at="2026-04-15T14:53:14 IST" duration-ms="714" status="PASS">
          <reporter-output>
            <line>
              <![CDATA[Clicking Bank Manager Login]]>
            </line>
            <line>
              <![CDATA[Clicked Bank Manager => Report Log ]]>
            </line>
            <line>
              <![CDATA[Add Customer Button is visible]]>
            </line>
            <line>
              <![CDATA[Clicked Add Customer]]>
            </line>
            <line>
              <![CDATA[Login Test Passed Successfully ]]>
            </line>
          </reporter-output>
        </test-method> <!-- loginBankManager -->
        <test-method is-config="true" signature="tearDown()[pri:0, instance:com.w2a.testcases.LoginTest@16afbd92]" started-at="2026-04-15T14:53:18 IST" name="tearDown" finished-at="2026-04-15T14:53:18 IST" duration-ms="205" status="PASS">
          <reporter-output>
            <line>
              <![CDATA[Testing Execution Completed !!!!]]>
            </line>
          </reporter-output>
        </test-method> <!-- tearDown -->
      </class> <!-- com.w2a.testcases.LoginTest -->
      <class name="com.w2a.testcases.AddCustomerTest">
        <test-method is-config="true" signature="resetBrowser()[pri:0, instance:com.w2a.testcases.AddCustomerTest@74f7d1d2]" started-at="2026-04-15T14:53:14 IST" name="resetBrowser" finished-at="2026-04-15T14:53:14 IST" duration-ms="69" status="PASS">
          <reporter-output>
          </reporter-output>
        </test-method> <!-- resetBrowser -->
        <test-method signature="addCustomer(java.lang.String,java.lang.String,java.lang.String,java.lang.String)[pri:0, instance:com.w2a.testcases.AddCustomerTest@74f7d1d2]" started-at="2026-04-15T14:53:14 IST" name="addCustomer" data-provider="getData" finished-at="2026-04-15T14:53:16 IST" duration-ms="1269" status="PASS">
          <params>
            <param index="0">
              <value>
                <![CDATA[Ram]]>
              </value>
            </param>
            <param index="1">
              <value>
                <![CDATA[Gautam]]>
              </value>
            </param>
            <param index="2">
              <value>
                <![CDATA[110055.0]]>
              </value>
            </param>
            <param index="3">
              <value>
                <![CDATA[Customer added successfully]]>
              </value>
            </param>
          </params>
          <reporter-output>
          </reporter-output>
        </test-method> <!-- addCustomer -->
      </class> <!-- com.w2a.testcases.AddCustomerTest -->
      <class name="com.w2a.testcases.OpenAccountTest">
        <test-method signature="openAccountTest(java.lang.String,java.lang.String)[pri:0, instance:com.w2a.testcases.OpenAccountTest@4b4dd216]" started-at="2026-04-15T14:53:16 IST" name="openAccountTest" data-provider="getData" finished-at="2026-04-15T14:53:18 IST" duration-ms="2302" status="PASS">
          <params>
            <param index="0">
              <value>
                <![CDATA[Ram Gautam]]>
              </value>
            </param>
            <param index="1">
              <value>
                <![CDATA[Rupee]]>
              </value>
            </param>
          </params>
          <reporter-output>
            <line>
              <![CDATA[Selected: Ram Gautam from customer]]>
            </line>
            <line>
              <![CDATA[Selected: Rupee from currency]]>
            </line>
          </reporter-output>
        </test-method> <!-- openAccountTest -->
      </class> <!-- com.w2a.testcases.OpenAccountTest -->
    </test> <!-- All Tests -->
  </suite> <!-- Suite -->
</testng-results>
