<?xml version="1.0" encoding="UTF-8"?>
<!-- Generated by org.testng.reporters.JUnitReportReporter -->
<testsuite hostname="Genefied" failures="0" tests="1" name="com.w2a.testcases.AddCustomerTest" time="1.417" errors="0" timestamp="2026-03-29T21:38:44 IST" skipped="0">
  <testcase classname="com.w2a.testcases.AddCustomerTest" name="addCustomer" time="1.417">
    <system-out>
      <![CDATA[Clicked Bank Manager Login
Clicked Add Customer Button]]>
    </system-out>
  </testcase> <!-- addCustomer -->
  <system-out>
    <![CDATA[Config file Loaded
OR File Loaded
Chrome Launched !!!
Navigated to: http://www.way2automation.com/angularjs-protractor/banking/#/login
Clicking Bank Manager Login
Clicked Bank Manager => Report Log 
Add Customer Button is visible
Clicked Add Customer
Login Test Passed Successfully 
Browser Reset for New Test
Clicked Bank Manager Login
Clicked Add Customer Button
Testing Execution Completed !!!!]]>
  </system-out>
</testsuite> <!-- com.w2a.testcases.AddCustomerTest -->
