<?xml version="1.0" encoding="UTF-8"?>
<!-- Generated by org.testng.reporters.JUnitReportReporter -->
<testsuite hostname="Genefied" failures="0" tests="1" name="com.w2a.testcases.LoginTest" time="0.714" errors="0" timestamp="2026-04-15T14:53:19 IST" skipped="0">
  <testcase classname="com.w2a.testcases.LoginTest" name="loginBankManager" time="0.714">
    <system-out>
      <![CDATA[Clicking Bank Manager Login
Clicked Bank Manager => Report Log 
Add Customer Button is visible
Clicked Add Customer
Login Test Passed Successfully ]]>
    </system-out>
  </testcase> <!-- loginBankManager -->
  <system-out>
    <![CDATA[Config file Loaded
OR File Loaded
Chrome Launched !!!
Navigated to: http://www.way2automation.com/angularjs-protractor/banking/#/login
Clicking Bank Manager Login
Clicked Bank Manager => Report Log 
Add Customer Button is visible
Clicked Add Customer
Login Test Passed Successfully 
Selected: Ram Gautam from customer
Selected: Rupee from currency
Testing Execution Completed !!!!]]>
  </system-out>
</testsuite> <!-- com.w2a.testcases.LoginTest -->
